SchoolInHand1/app/build/outputs/logs/manifest-merger-debug-report.txt
-- Merging decision tree log ---
manifest
ADDED from src\main\AndroidManifest.xml:2:1-71:12
	package
		ADDED from src\main\AndroidManifest.xml:3:5-39
		INJECTED from src\main\AndroidManifest.xml
		INJECTED from src\main\AndroidManifest.xml
	android:versionName
		ADDED from src\main\AndroidManifest.xml:5:5-30
		INJECTED from src\main\AndroidManifest.xml
		INJECTED from src\main\AndroidManifest.xml
	android:versionCode
		ADDED from src\main\AndroidManifest.xml:4:5-28
		INJECTED from src\main\AndroidManifest.xml
		INJECTED from src\main\AndroidManifest.xml
	xmlns:android
		ADDED from src\main\AndroidManifest.xml:2:11-69
uses-sdk
ADDED from src\main\AndroidManifest.xml:7:5-9:41
MERGED from [com.android.support:appcompat-v7:23.2.1] AndroidManifest.xml:21:5-23:78
MERGED from [com.android.support:support-v4:23.2.1] AndroidManifest.xml:20:5-43
MERGED from [com.android.support:animated-vector-drawable:23.2.1] AndroidManifest.xml:5:5-44
MERGED from [com.android.support:support-vector-drawable:23.2.1] AndroidManifest.xml:5:5-43
MERGED from [com.android.support:support-v4:23.2.1] AndroidManifest.xml:20:5-43
MERGED from [com.android.support:support-vector-drawable:23.2.1] AndroidManifest.xml:5:5-43
MERGED from [com.android.support:support-v4:23.2.1] AndroidManifest.xml:20:5-43
	tools:overrideLibrary
		ADDED from [com.android.support:appcompat-v7:23.2.1] AndroidManifest.xml:23:9-75
	android:targetSdkVersion
		ADDED from src\main\AndroidManifest.xml:9:9-38
		INJECTED from src\main\AndroidManifest.xml
		INJECTED from src\main\AndroidManifest.xml
	android:minSdkVersion
		ADDED from src\main\AndroidManifest.xml:8:9-34
		INJECTED from src\main\AndroidManifest.xml
		INJECTED from src\main\AndroidManifest.xml
uses-permission#android.permission.READ_EXTERNAL_STORAGE
ADDED from src\main\AndroidManifest.xml:10:4-78
	android:name
		ADDED from src\main\AndroidManifest.xml:10:21-76
application
ADDED from src\main\AndroidManifest.xml:11:5-69:19
MERGED from [com.android.support:appcompat-v7:23.2.1] AndroidManifest.xml:25:5-20
MERGED from [com.android.support:support-v4:23.2.1] AndroidManifest.xml:22:5-20
MERGED from [com.android.support:animated-vector-drawable:23.2.1] AndroidManifest.xml:7:5-20
MERGED from [com.android.support:support-vector-drawable:23.2.1] AndroidManifest.xml:7:5-20
MERGED from [com.android.support:support-v4:23.2.1] AndroidManifest.xml:22:5-20
MERGED from [com.android.support:support-vector-drawable:23.2.1] AndroidManifest.xml:7:5-20
MERGED from [com.android.support:support-v4:23.2.1] AndroidManifest.xml:22:5-20
	android:label
		ADDED from src\main\AndroidManifest.xml:14:9-41
	android:allowBackup
		ADDED from src\main\AndroidManifest.xml:12:9-35
	android:icon
		ADDED from src\main\AndroidManifest.xml:13:9-45
	android:theme
		ADDED from src\main\AndroidManifest.xml:15:9-40
activity#com.example.schoolinhand.MainActivity
ADDED from src\main\AndroidManifest.xml:17:9-25:14
	android:name
		ADDED from src\main\AndroidManifest.xml:18:4-32
intent-filter#android.intent.action.MAIN+android.intent.category.LAUNCHER
ADDED from src\main\AndroidManifest.xml:20:14-24:29
action#android.intent.action.MAIN
ADDED from src\main\AndroidManifest.xml:21:17-69
	android:name
		ADDED from src\main\AndroidManifest.xml:21:25-66
category#android.intent.category.LAUNCHER
ADDED from src\main\AndroidManifest.xml:23:17-77
	android:name
		ADDED from src\main\AndroidManifest.xml:23:27-74
activity#com.example.schoolinhand.AdminActivity
ADDED from src\main\AndroidManifest.xml:27:9-30:20
	android:label
		ADDED from src\main\AndroidManifest.xml:29:13-45
	android:name
		ADDED from src\main\AndroidManifest.xml:28:13-42
activity#com.example.schoolinhand.EnseiActivity
ADDED from src\main\AndroidManifest.xml:32:9-34:14
	android:name
		ADDED from src\main\AndroidManifest.xml:33:4-33
activity#com.example.schoolinhand.EtudActivity
ADDED from src\main\AndroidManifest.xml:36:9-38:14
	android:name
		ADDED from src\main\AndroidManifest.xml:37:4-32
activity#com.example.schoolinhand.AjouterClasse
ADDED from src\main\AndroidManifest.xml:40:9-42:14
	android:name
		ADDED from src\main\AndroidManifest.xml:41:4-33
activity#com.example.schoolinhand.AjouterEtudiant
ADDED from src\main\AndroidManifest.xml:44:9-47:14
	android:name
		ADDED from src\main\AndroidManifest.xml:45:4-35
activity#com.example.schoolinhand.AjouterEnseignant
ADDED from src\main\AndroidManifest.xml:49:9-52:14
	android:name
		ADDED from src\main\AndroidManifest.xml:50:4-37
activity#com.example.schoolinhand.AjouterMatiere
ADDED from src\main\AndroidManifest.xml:54:10-57:14
	android:name
		ADDED from src\main\AndroidManifest.xml:55:4-34
activity#com.example.schoolinhand.AjouterNote
ADDED from src\main\AndroidManifest.xml:59:10-62:14
	android:name
		ADDED from src\main\AndroidManifest.xml:60:4-31
activity#com.example.schoolinhand.afficherClasses
ADDED from src\main\AndroidManifest.xml:64:19-67:14
	android:name
		ADDED from src\main\AndroidManifest.xml:65:4-35